Log file open, 05/11/20 11:40:20
LogWindows: Failed to load 'aqProf.dll' (GetLastError=126)
LogWindows: File 'aqProf.dll' does not exist
LogWindows: Failed to load 'VtuneApi.dll' (GetLastError=126)
LogWindows: File 'VtuneApi.dll' does not exist
LogWindows: Failed to load 'VtuneApi32e.dll' (GetLastError=126)
LogWindows: File 'VtuneApi32e.dll' does not exist
LogConsoleResponse: Display: Failed to find resolution value strings in scalability ini. Falling back to default.
LogInit: Display: Running engine for game: BattleTank
LogPakFile: Registered encryption key '00000000000000000000000000000000': 0 pak files mounted, 0 remain pending
LogPlatformFile: Not using cached read wrapper
LogTaskGraph: Started task graph with 5 named threads and 35 total threads with 3 sets of task threads.
LogStats: Stats thread started at 0.400096
LogD3D11RHI: Loaded GFSDK_Aftermath_Lib.x64.dll
LogICUInternationalization: ICU TimeZone Detection - Raw Offset: +0:00, Platform Override: ''
LogPluginManager: Mounting plugin Paper2D
LogPluginManager: Mounting plugin AISupport
LogPluginManager: Mounting plugin LightPropagationVolume
LogPluginManager: Mounting plugin ActorLayerUtilities
LogPluginManager: Mounting plugin AnimationSharing
LogPluginManager: Mounting plugin CLionSourceCodeAccess
LogPluginManager: Mounting plugin CodeLiteSourceCodeAccess
LogPluginManager: Mounting plugin GitSourceControl
LogPluginManager: Mounting plugin KDevelopSourceCodeAccess
LogPluginManager: Mounting plugin NullSourceCodeAccess
LogPluginManager: Mounting plugin PerforceSourceControl
LogPluginManager: Mounting plugin SubversionSourceControl
LogPluginManager: Mounting plugin UObjectPlugin
LogPluginManager: Mounting plugin VisualStudioCodeSourceCodeAccess
LogPluginManager: Mounting plugin VisualStudioSourceCodeAccess
LogPluginManager: Mounting plugin XCodeSourceCodeAccess
LogPluginManager: Mounting plugin AssetManagerEditor
LogPluginManager: Mounting plugin CryptoKeys
LogPluginManager: Mounting plugin DataValidation
LogPluginManager: Mounting plugin FacialAnimation
LogPluginManager: Mounting plugin GameplayTagsEditor
LogPluginManager: Mounting plugin MacGraphicsSwitching
LogPluginManager: Mounting plugin MaterialAnalyzer
LogPluginManager: Mounting plugin MobileLauncherProfileWizard
LogPluginManager: Mounting plugin PluginBrowser
LogPluginManager: Mounting plugin SpeedTreeImporter
LogPluginManager: Mounting plugin DatasmithContent
LogPluginManager: Mounting plugin VariantManagerContent
LogPluginManager: Mounting plugin AlembicImporter
LogPluginManager: Mounting plugin AppleImageUtils
LogPluginManager: Mounting plugin AppleVision
LogPluginManager: Mounting plugin BackChannel
LogPluginManager: Mounting plugin CharacterAI
LogPluginManager: Mounting plugin GeometryCache
LogPluginManager: Mounting plugin HTML5Networking
LogPluginManager: Mounting plugin ProxyLODPlugin
LogPluginManager: Mounting plugin SkeletalReduction
LogPluginManager: Mounting plugin MagicLeap
LogPluginManager: Mounting plugin MagicLeapMedia
LogPluginManager: Mounting plugin AndroidMedia
LogPluginManager: Mounting plugin AvfMedia
LogPluginManager: Mounting plugin ImgMedia
LogPluginManager: Mounting plugin LinearTimecode
LogPluginManager: Mounting plugin MediaCompositing
LogPluginManager: Mounting plugin MediaPlayerEditor
LogPluginManager: Mounting plugin WebMMedia
LogPluginManager: Mounting plugin WmfMedia
LogPluginManager: Mounting plugin TcpMessaging
LogPluginManager: Mounting plugin UdpMessaging
LogPluginManager: Mounting plugin ActorSequence
LogPluginManager: Mounting plugin LevelSequenceEditor
LogPluginManager: Mounting plugin MatineeToLevelSequence
LogPluginManager: Mounting plugin NetcodeUnitTest
LogPluginManager: Mounting plugin NUTUnrealEngine4
LogPluginManager: Mounting plugin OnlineSubsystemGooglePlay
LogPluginManager: Mounting plugin OnlineSubsystemIOS
LogPluginManager: Mounting plugin OnlineSubsystem
LogPluginManager: Mounting plugin OnlineSubsystemNull
LogPluginManager: Mounting plugin OnlineSubsystemUtils
LogPluginManager: Mounting plugin LauncherChunkInstaller
LogPluginManager: Mounting plugin AndroidDeviceProfileSelector
LogPluginManager: Mounting plugin AndroidMoviePlayer
LogPluginManager: Mounting plugin AndroidPermission
LogPluginManager: Mounting plugin AppleMoviePlayer
LogPluginManager: Mounting plugin ArchVisCharacter
LogPluginManager: Mounting plugin AudioCapture
LogPluginManager: Mounting plugin CableComponent
LogPluginManager: Mounting plugin CustomMeshComponent
LogPluginManager: Mounting plugin EditableMesh
LogPluginManager: Mounting plugin ExampleDeviceProfileSelector
LogPluginManager: Mounting plugin Firebase
LogPluginManager: Mounting plugin GoogleCloudMessaging
LogPluginManager: Mounting plugin IOSDeviceProfileSelector
LogPluginManager: Mounting plugin LinuxDeviceProfileSelector
LogPluginManager: Mounting plugin LocationServicesBPLibrary
LogPluginManager: Mounting plugin MobilePatchingUtils
LogPluginManager: Mounting plugin OculusVR
LogPluginManager: Mounting plugin PhysXVehicles
LogPluginManager: Mounting plugin ProceduralMeshComponent
LogPluginManager: Mounting plugin RuntimePhysXCooking
LogPluginManager: Mounting plugin SignificanceManager
LogPluginManager: Mounting plugin SteamVR
LogPluginManager: Mounting plugin WebMMoviePlayer
LogPluginManager: Mounting plugin WindowsMoviePlayer
LogInit: Using libcurl 7.55.1-DEV
LogInit:  - built for x86_64-pc-win32
LogInit:  - supports SSL with OpenSSL/1.1.1
LogInit:  - supports HTTP deflate (compression) using libz 1.2.8
LogInit:  - other features:
LogInit:      CURL_VERSION_SSL
LogInit:      CURL_VERSION_LIBZ
LogInit:      CURL_VERSION_IPV6
LogInit:      CURL_VERSION_ASYNCHDNS
LogInit:      CURL_VERSION_LARGEFILE
LogInit:      CURL_VERSION_IDN
LogInit:  CurlRequestOptions (configurable via config and command line):
LogInit:  - bVerifyPeer = true  - Libcurl will verify peer certificate
LogInit:  - bUseHttpProxy = false  - Libcurl will NOT use HTTP proxy
LogInit:  - bDontReuseConnections = false  - Libcurl will reuse connections
LogInit:  - MaxHostConnections = 16  - Libcurl will limit the number of connections to a host
LogInit:  - LocalHostAddr = Default
LogInit:  - BufferSize = 65536
LogInit: WinSock: version 1.1 (2.2), MaxSocks=32767, MaxUdp=65467
LogInit: Build: ++UE4+Release-4.22-CL-7053642
LogInit: Engine Version: 4.22.3-7053642+++UE4+Release-4.22
LogInit: Compatible Engine Version: 4.22.0-5660361+++UE4+Release-4.22
LogInit: Net CL: 5660361
LogInit: OS: Windows 10 (Release 1903) (), CPU: AMD Ryzen 5 2600 Six-Core Processor            , GPU: NVIDIA GeForce GTX 980 Ti
LogInit: Compiled (64-bit): Jun 18 2019 03:09:11
LogInit: Compiled with Visual C++: 19.16.27025.01
LogInit: Build Configuration: Development
LogInit: Branch Name: ++UE4+Release-4.22
LogInit: Command Line:  -EpicPortal -epicusername=LouisArrigoni -epicuserid=084c6202972d45e5ae05d78c4532d4d3 -epiclocale=en
LogInit: Base Directory: D:/Programs/Programs/Epic Games/UE_4.22/Engine/Binaries/Win64/
LogInit: Installed Engine Build: 1
LogDevObjectVersion: Number of dev versions registered: 23
LogDevObjectVersion:   Dev-Blueprints (B0D832E4-1F89-4F0D-ACCF-7EB736FD4AA2): 10
LogDevObjectVersion:   Dev-Build (E1C64328-A22C-4D53-A36C-8E866417BD8C): 0
LogDevObjectVersion:   Dev-Core (375EC13C-06E4-48FB-B500-84F0262A717E): 3
LogDevObjectVersion:   Dev-Editor (E4B068ED-F494-42E9-A231-DA0B2E46BB41): 30
LogDevObjectVersion:   Dev-Framework (CFFC743F-43B0-4480-9391-14DF171D2073): 35
LogDevObjectVersion:   Dev-Mobile (B02B49B5-BB20-44E9-A304-32B752E40360): 2
LogDevObjectVersion:   Dev-Networking (A4E4105C-59A1-49B5-A7C5-40C4547EDFEE): 0
LogDevObjectVersion:   Dev-Online (39C831C9-5AE6-47DC-9A44-9C173E1C8E7C): 0
LogDevObjectVersion:   Dev-Physics (78F01B33-EBEA-4F98-B9B4-84EACCB95AA2): 0
LogDevObjectVersion:   Dev-Platform (6631380F-2D4D-43E0-8009-CF276956A95A): 0
LogDevObjectVersion:   Dev-Rendering (12F88B9F-8875-4AFC-A67C-D90C383ABD29): 28
LogDevObjectVersion:   Dev-Sequencer (7B5AE74C-D270-4C10-A958-57980B212A5A): 11
LogDevObjectVersion:   Dev-VR (D7296918-1DD6-4BDD-9DE2-64A83CC13884): 2
LogDevObjectVersion:   Dev-LoadTimes (C2A15278-BFE7-4AFE-6C17-90FF531DF755): 1
LogDevObjectVersion:   Private-Geometry (6EACA3D4-40EC-4CC1-B786-8BED09428FC5): 3
LogDevObjectVersion:   Dev-AnimPhys (29E575DD-E0A3-4627-9D10-D276232CDCEA): 17
LogDevObjectVersion:   Dev-Anim (AF43A65D-7FD3-4947-9873-3E8ED9C1BB05): 2
LogDevObjectVersion:   Dev-ReflectionCapture (6B266CEC-1EC7-4B8F-A30B-E4D90942FC07): 1
LogDevObjectVersion:   Dev-Automation (0DF73D61-A23F-47EA-B727-89E90C41499A): 1
LogDevObjectVersion:   FortniteMain (601D1886-AC64-4F84-AA16-D3DE0DEAC7D6): 25
LogDevObjectVersion:   Dev-Enterprise (9DFFBCD6-494F-0158-E221-12823C92A888): 6
LogDevObjectVersion:   Dev-Niagara (F2AED0AC-9AFE-416F-8664-AA7FFA26D6FC): 1
LogDevObjectVersion:   Dev-Destruction (174F1F0B-B4C6-45A5-B13F-2EE8D0FB917D): 2
LogInit: Presizing for max 16777216 objects, including 0 objects not considered by GC, pre-allocating 0 bytes for permanent pool.
LogInit: Object subsystem initialized
LogConfig: Setting CVar [[con.DebugEarlyDefault:1]]
LogConfig: Setting CVar [[r.setres:1280x720]]
[2020.05.11-10.40.20:369][  0]LogConfig: Setting CVar [[r.VSync:0]]
[2020.05.11-10.40.20:369][  0]LogConfig: Setting CVar [[r.RHICmdBypass:0]]
[2020.05.11-10.40.20:370][  0]LogConfig: Applying CVar settings from Section [/Script/Engine.RendererSettings] File [G:/C++ Learning/BattleTank/BattleTank/BattleTank/Saved/Config/Windows/Engine.ini]
[2020.05.11-10.40.20:370][  0]LogConfig: Setting CVar [[r.GPUCrashDebugging:0]]
[2020.05.11-10.40.20:370][  0]LogConfig: Setting CVar [[r.DefaultFeature.AutoExposure.ExtendDefaultLuminanceRange:1]]
[2020.05.11-10.40.20:370][  0]LogConfig: Applying CVar settings from Section [/Script/Engine.RendererOverrideSettings] File [G:/C++ Learning/BattleTank/BattleTank/BattleTank/Saved/Config/Windows/Engine.ini]
[2020.05.11-10.40.20:370][  0]LogConfig: Applying CVar settings from Section [/Script/Engine.StreamingSettings] File [G:/C++ Learning/BattleTank/BattleTank/BattleTank/Saved/Config/Windows/Engine.ini]
[2020.05.11-10.40.20:370][  0]LogConfig: Setting CVar [[s.MinBulkDataSizeForAsyncLoading:131072]]
[2020.05.11-10.40.20:370][  0]LogConfig: Setting CVar [[s.AsyncLoadingThreadEnabled:0]]
[2020.05.11-10.40.20:370][  0]LogConfig: Setting CVar [[s.EventDrivenLoaderEnabled:1]]
[2020.05.11-10.40.20:370][  0]LogConfig: Setting CVar [[s.WarnIfTimeLimitExceeded:0]]
[2020.05.11-10.40.20:370][  0]LogConfig: Setting CVar [[s.TimeLimitExceededMultiplier:1.5]]
[2020.05.11-10.40.20:370][  0]LogConfig: Setting CVar [[s.TimeLimitExceededMinTime:0.005]]
[2020.05.11-10.40.20:370][  0]LogConfig: Setting CVar [[s.UseBackgroundLevelStreaming:1]]
[2020.05.11-10.40.20:370][  0]LogConfig: Setting CVar [[s.PriorityAsyncLoadingExtraTime:15.0]]
[2020.05.11-10.40.20:370][  0]LogConfig: Setting CVar [[s.LevelStreamingActorsUpdateTimeLimit:5.0]]
[2020.05.11-10.40.20:370][  0]LogConfig: Setting CVar [[s.PriorityLevelStreamingActorsUpdateExtraTime:5.0]]
[2020.05.11-10.40.20:370][  0]LogConfig: Setting CVar [[s.LevelStreamingComponentsRegistrationGranularity:10]]
[2020.05.11-10.40.20:370][  0]LogConfig: Setting CVar [[s.UnregisterComponentsTimeLimit:1.0]]
[2020.05.11-10.40.20:370][  0]LogConfig: Setting CVar [[s.LevelStreamingComponentsUnregistrationGranularity:5]]
[2020.05.11-10.40.20:370][  0]LogConfig: Applying CVar settings from Section [/Script/Engine.GarbageCollectionSettings] File [G:/C++ Learning/BattleTank/BattleTank/BattleTank/Saved/Config/Windows/Engine.ini]
[2020.05.11-10.40.20:370][  0]LogConfig: Setting CVar [[gc.MaxObjectsNotConsideredByGC:1]]
[2020.05.11-10.40.20:370][  0]LogConfig: Setting CVar [[gc.SizeOfPermanentObjectPool:0]]
[2020.05.11-10.40.20:370][  0]LogConfig: Setting CVar [[gc.FlushStreamingOnGC:0]]
[2020.05.11-10.40.20:370][  0]LogConfig: Setting CVar [[gc.NumRetriesBeforeForcingGC:10]]
[2020.05.11-10.40.20:370][  0]LogConfig: Setting CVar [[gc.AllowParallelGC:1]]
[2020.05.11-10.40.20:370][  0]LogConfig: Setting CVar [[gc.TimeBetweenPurgingPendingKillObjects:61.1]]
[2020.05.11-10.40.20:370][  0]LogConfig: Setting CVar [[gc.MaxObjectsInEditor:16777216]]
[2020.05.11-10.40.20:370][  0]LogConfig: Setting CVar [[gc.IncrementalBeginDestroyEnabled:1]]
[2020.05.11-10.40.20:370][  0]LogConfig: Setting CVar [[gc.CreateGCClusters:1]]
[2020.05.11-10.40.20:370][  0]LogConfig: Setting CVar [[gc.MinGCClusterSize:5]]
[2020.05.11-10.40.20:370][  0]LogConfig: Setting CVar [[gc.ActorClusteringEnabled:0]]
[2020.05.11-10.40.20:370][  0]LogConfig: Setting CVar [[gc.BlueprintClusteringEnabled:0]]
[2020.05.11-10.40.20:370][  0]LogConfig: Setting CVar [[gc.UseDisregardForGCOnDedicatedServers:0]]
[2020.05.11-10.40.20:370][  0]LogConfig: Applying CVar settings from Section [/Script/Engine.NetworkSettings] File [G:/C++ Learning/BattleTank/BattleTank/BattleTank/Saved/Config/Windows/Engine.ini]
[2020.05.11-10.40.20:370][  0]LogConfig: Applying CVar settings from Section [/Script/UnrealEd.CookerSettings] File [G:/C++ Learning/BattleTank/BattleTank/BattleTank/Saved/Config/Windows/Engine.ini]
[2020.05.11-10.40.20:373][  0]LogConfig: Applying CVar settings from Section [ViewDistanceQuality@3] File [G:/C++ Learning/BattleTank/BattleTank/BattleTank/Saved/Config/Windows/Scalability.ini]
[2020.05.11-10.40.20:373][  0]LogConfig: Setting CVar [[r.SkeletalMeshLODBias:0]]
[2020.05.11-10.40.20:373][  0]LogConfig: Setting CVar [[r.ViewDistanceScale:1.0]]
[2020.05.11-10.40.20:373][  0]LogConfig: Applying CVar settings from Section [AntiAliasingQuality@3] File [G:/C++ Learning/BattleTank/BattleTank/BattleTank/Saved/Config/Windows/Scalability.ini]
[2020.05.11-10.40.20:373][  0]LogConfig: Setting CVar [[r.PostProcessAAQuality:4]]
[2020.05.11-10.40.20:373][  0]LogConfig: Applying CVar settings from Section [ShadowQuality@3] File [G:/C++ Learning/BattleTank/BattleTank/BattleTank/Saved/Config/Windows/Scalability.ini]
[2020.05.11-10.40.20:373][  0]LogConfig: Setting CVar [[r.LightFunctionQuality:1]]
[2020.05.11-10.40.20:373][  0]LogConfig: Setting CVar [[r.ShadowQuality:5]]
[2020.05.11-10.40.20:373][  0]LogConfig: Setting CVar [[r.Shadow.CSM.MaxCascades:10]]
[2020.05.11-10.40.20:373][  0]LogConfig: Setting CVar [[r.Shadow.MaxResolution:2048]]
[2020.05.11-10.40.20:373][  0]LogConfig: Setting CVar [[r.Shadow.MaxCSMResolution:2048]]
[2020.05.11-10.40.20:373][  0]LogConfig: Setting CVar [[r.Shadow.RadiusThreshold:0.01]]
[2020.05.11-10.40.20:373][  0]LogConfig: Setting CVar [[r.Shadow.DistanceScale:1.0]]
[2020.05.11-10.40.20:373][  0]LogConfig: Setting CVar [[r.Shadow.CSM.TransitionScale:1.0]]
[2020.05.11-10.40.20:373][  0]LogConfig: Setting CVar [[r.Shadow.PreShadowResolutionFactor:1.0]]
[2020.05.11-10.40.20:373][  0]LogConfig: Setting CVar [[r.DistanceFieldShadowing:1]]
[2020.05.11-10.40.20:373][  0]LogConfig: Setting CVar [[r.DistanceFieldAO:1]]
[2020.05.11-10.40.20:373][  0]LogConfig: Setting CVar [[r.AOQuality:2]]
[2020.05.11-10.40.20:373][  0]LogConfig: Setting CVar [[r.VolumetricFog:1]]
[2020.05.11-10.40.20:373][  0]LogConfig: Setting CVar [[r.VolumetricFog.GridPixelSize:8]]
[2020.05.11-10.40.20:373][  0]LogConfig: Setting CVar [[r.VolumetricFog.GridSizeZ:128]]
[2020.05.11-10.40.20:373][  0]LogConfig: Setting CVar [[r.VolumetricFog.HistoryMissSupersampleCount:4]]
[2020.05.11-10.40.20:373][  0]LogConfig: Setting CVar [[r.LightMaxDrawDistanceScale:1]]
[2020.05.11-10.40.20:373][  0]LogConfig: Setting CVar [[r.CapsuleShadows:1]]
[2020.05.11-10.40.20:373][  0]LogConfig: Applying CVar settings from Section [PostProcessQuality@3] File [G:/C++ Learning/BattleTank/BattleTank/BattleTank/Saved/Config/Windows/Scalability.ini]
[2020.05.11-10.40.20:373][  0]LogConfig: Setting CVar [[r.MotionBlurQuality:4]]
[2020.05.11-10.40.20:373][  0]LogConfig: Setting CVar [[r.AmbientOcclusionMipLevelFactor:0.4]]
[2020.05.11-10.40.20:373][  0]LogConfig: Setting CVar [[r.AmbientOcclusionMaxQuality:100]]
[2020.05.11-10.40.20:373][  0]LogConfig: Setting CVar [[r.AmbientOcclusionLevels:-1]]
[2020.05.11-10.40.20:373][  0]LogConfig: Setting CVar [[r.AmbientOcclusionRadiusScale:1.0]]
[2020.05.11-10.40.20:373][  0]LogConfig: Setting CVar [[r.DepthOfFieldQuality:2]]
[2020.05.11-10.40.20:374][  0]LogConfig: Setting CVar [[r.RenderTargetPoolMin:400]]
[2020.05.11-10.40.20:374][  0]LogConfig: Setting CVar [[r.LensFlareQuality:2]]
[2020.05.11-10.40.20:374][  0]LogConfig: Setting CVar [[r.SceneColorFringeQuality:1]]
[2020.05.11-10.40.20:374][  0]LogConfig: Setting CVar [[r.EyeAdaptationQuality:2]]
[2020.05.11-10.40.20:374][  0]LogConfig: Setting CVar [[r.BloomQuality:5]]
[2020.05.11-10.40.20:374][  0]LogConfig: Setting CVar [[r.FastBlurThreshold:100]]
[2020.05.11-10.40.20:374][  0]LogConfig: Setting CVar [[r.Upscale.Quality:3]]
[2020.05.11-10.40.20:374][  0]LogConfig: Setting CVar [[r.Tonemapper.GrainQuantization:1]]
[2020.05.11-10.40.20:374][  0]LogConfig: Setting CVar [[r.LightShaftQuality:1]]
[2020.05.11-10.40.20:374][  0]LogConfig: Setting CVar [[r.Filter.SizeScale:1]]
[2020.05.11-10.40.20:374][  0]LogConfig: Setting CVar [[r.Tonemapper.Quality:5]]
[2020.05.11-10.40.20:374][  0]LogConfig: Setting CVar [[r.DOF.Gather.AccumulatorQuality:1        ; higher gathering accumulator quality]]
[2020.05.11-10.40.20:374][  0]LogConfig: Setting CVar [[r.DOF.Gather.PostfilterMethod:1          ; Median3x3 postfilering method]]
[2020.05.11-10.40.20:374][  0]LogConfig: Setting CVar [[r.DOF.Gather.EnableBokehSettings:0       ; no bokeh simulation when gathering]]
[2020.05.11-10.40.20:374][  0]LogConfig: Setting CVar [[r.DOF.Gather.RingCount:4                 ; medium number of samples when gathering]]
[2020.05.11-10.40.20:374][  0]LogConfig: Setting CVar [[r.DOF.Scatter.ForegroundCompositing:1    ; additive foreground scattering]]
[2020.05.11-10.40.20:374][  0]LogConfig: Setting CVar [[r.DOF.Scatter.BackgroundCompositing:2    ; additive background scattering]]
[2020.05.11-10.40.20:374][  0]LogConfig: Setting CVar [[r.DOF.Scatter.EnableBokehSettings:1      ; bokeh simulation when scattering]]
[2020.05.11-10.40.20:374][  0]LogConfig: Setting CVar [[r.DOF.Scatter.MaxSpriteRatio:0.1         ; only a maximum of 10% of scattered bokeh]]
[2020.05.11-10.40.20:374][  0]LogConfig: Setting CVar [[r.DOF.Recombine.Quality:1                ; cheap slight out of focus]]
[2020.05.11-10.40.20:374][  0]LogConfig: Setting CVar [[r.DOF.Recombine.EnableBokehSettings:0    ; no bokeh simulation on slight out of focus]]
[2020.05.11-10.40.20:374][  0]LogConfig: Setting CVar [[r.DOF.TemporalAAQuality:1                ; more stable temporal accumulation]]
[2020.05.11-10.40.20:374][  0]LogConfig: Setting CVar [[r.DOF.Kernel.MaxForegroundRadius:0.025]]
[2020.05.11-10.40.20:374][  0]LogConfig: Setting CVar [[r.DOF.Kernel.MaxBackgroundRadius:0.025]]
[2020.05.11-10.40.20:374][  0]LogConfig: Applying CVar settings from Section [TextureQuality@3] File [G:/C++ Learning/BattleTank/BattleTank/BattleTank/Saved/Config/Windows/Scalability.ini]
[2020.05.11-10.40.20:374][  0]LogConfig: Setting CVar [[r.Streaming.MipBias:0]]
[2020.05.11-10.40.20:374][  0]LogConfig: Setting CVar [[r.Streaming.AmortizeCPUToGPUCopy:0]]
[2020.05.11-10.40.20:374][  0]LogConfig: Setting CVar [[r.Streaming.MaxNumTexturesToStreamPerFrame:0]]
[2020.05.11-10.40.20:374][  0]LogConfig: Setting CVar [[r.Streaming.Boost:1]]
[2020.05.11-10.40.20:374][  0]LogConfig: Setting CVar [[r.MaxAnisotropy:8]]
[2020.05.11-10.40.20:374][  0]LogConfig: Setting CVar [[r.Streaming.LimitPoolSizeToVRAM:0]]
[2020.05.11-10.40.20:374][  0]LogConfig: Setting CVar [[r.Streaming.PoolSize:1000]]
[2020.05.11-10.40.20:374][  0]LogConfig: Setting CVar [[r.Streaming.MaxEffectiveScreenSize:0]]
[2020.05.11-10.40.20:374][  0]LogConfig: Applying CVar settings from Section [EffectsQuality@3] File [G:/C++ Learning/BattleTank/BattleTank/BattleTank/Saved/Config/Windows/Scalability.ini]
[2020.05.11-10.40.20:374][  0]LogConfig: Setting CVar [[r.TranslucencyLightingVolumeDim:64]]
[2020.05.11-10.40.20:374][  0]LogConfig: Setting CVar [[r.RefractionQuality:2]]
[2020.05.11-10.40.20:374][  0]LogConfig: Setting CVar [[r.SSR.Quality:3]]
[2020.05.11-10.40.20:374][  0]LogConfig: Setting CVar [[r.SceneColorFormat:4]]
[2020.05.11-10.40.20:374][  0]LogConfig: Setting CVar [[r.DetailMode:2]]
[2020.05.11-10.40.20:374][  0]LogConfig: Setting CVar [[r.TranslucencyVolumeBlur:1]]
[2020.05.11-10.40.20:374][  0]LogConfig: Setting CVar [[r.MaterialQualityLevel:1 ; High quality]]
[2020.05.11-10.40.20:374][  0]LogConfig: Setting CVar [[r.SSS.Scale:1]]
[2020.05.11-10.40.20:374][  0]LogConfig: Setting CVar [[r.SSS.SampleSet:2]]
[2020.05.11-10.40.20:374][  0]LogConfig: Setting CVar [[r.SSS.Quality:1]]
[2020.05.11-10.40.20:374][  0]LogConfig: Setting CVar [[r.SSS.HalfRes:1]]
[2020.05.11-10.40.20:374][  0]LogConfig: Setting CVar [[r.EmitterSpawnRateScale:1.0]]
[2020.05.11-10.40.20:374][  0]LogConfig: Setting CVar [[r.ParticleLightQuality:2]]
[2020.05.11-10.40.20:374][  0]LogConfig: Applying CVar settings from Section [FoliageQuality@3] File [G:/C++ Learning/BattleTank/BattleTank/BattleTank/Saved/Config/Windows/Scalability.ini]
[2020.05.11-10.40.20:374][  0]LogConfig: Setting CVar [[foliage.DensityScale:1.0]]
[2020.05.11-10.40.20:374][  0]LogConfig: Setting CVar [[grass.DensityScale:1.0]]
[2020.05.11-10.40.20:374][  0]LogInit: Selected Device Profile: [Windows]
[2020.05.11-10.40.20:374][  0]LogInit: Applying CVar settings loaded from the selected device profile: [Windows]
[2020.05.11-10.40.20:381][  0]LogHAL: Display: Platform has ~ 24 GB [25718685696 / 34359738368 / 24], which maps to Larger [LargestMinGB=32, LargerMinGB=12, DefaultMinGB=8, SmallerMinGB=6, SmallestMinGB=0)
[2020.05.11-10.40.20:381][  0]LogConfig: Setting CVar [[r.Vulkan.UseRealUBs:0		; Required until we fix HLR fall-out]]
[2020.05.11-10.40.20:381][  0]LogInit: Going up to parent DeviceProfile []
[2020.05.11-10.40.20:381][  0]LogConfig: Applying CVar settings from Section [ViewDistanceQuality@3] File [G:/C++ Learning/BattleTank/BattleTank/BattleTank/Saved/Config/Windows/Scalability.ini]
[2020.05.11-10.40.20:381][  0]LogConfig: Setting CVar [[r.SkeletalMeshLODBias:0]]
[2020.05.11-10.40.20:381][  0]LogConfig: Setting CVar [[r.ViewDistanceScale:1.0]]
[2020.05.11-10.40.20:381][  0]LogConfig: Applying CVar settings from Section [AntiAliasingQuality@3] File [G:/C++ Learning/BattleTank/BattleTank/BattleTank/Saved/Config/Windows/Scalability.ini]
[2020.05.11-10.40.20:381][  0]LogConfig: Setting CVar [[r.PostProcessAAQuality:4]]
[2020.05.11-10.40.20:381][  0]LogConfig: Applying CVar settings from Section [ShadowQuality@3] File [G:/C++ Learning/BattleTank/BattleTank/BattleTank/Saved/Config/Windows/Scalability.ini]
[2020.05.11-10.40.20:381][  0]LogConfig: Setting CVar [[r.LightFunctionQuality:1]]
[2020.05.11-10.40.20:381][  0]LogConfig: Setting CVar [[r.ShadowQuality:5]]
[2020.05.11-10.40.20:381][  0]LogConfig: Setting CVar [[r.Shadow.CSM.MaxCascades:10]]
[2020.05.11-10.40.20:381][  0]LogConfig: Setting CVar [[r.Shadow.MaxResolution:2048]]
[2020.05.11-10.40.20:381][  0]LogConfig: Setting CVar [[r.Shadow.MaxCSMResolution:2048]]
[2020.05.11-10.40.20:381][  0]LogConfig: Setting CVar [[r.Shadow.RadiusThreshold:0.01]]
[2020.05.11-10.40.20:381][  0]LogConfig: Setting CVar [[r.Shadow.DistanceScale:1.0]]
[2020.05.11-10.40.20:381][  0]LogConfig: Setting CVar [[r.Shadow.CSM.TransitionScale:1.0]]
[2020.05.11-10.40.20:381][  0]LogConfig: Setting CVar [[r.Shadow.PreShadowResolutionFactor:1.0]]
[2020.05.11-10.40.20:381][  0]LogConfig: Setting CVar [[r.DistanceFieldShadowing:1]]
[2020.05.11-10.40.20:381][  0]LogConfig: Setting CVar [[r.DistanceFieldAO:1]]
[2020.05.11-10.40.20:381][  0]LogConfig: Setting CVar [[r.AOQuality:2]]
[2020.05.11-10.40.20:381][  0]LogConfig: Setting CVar [[r.VolumetricFog:1]]
[2020.05.11-10.40.20:381][  0]LogConfig: Setting CVar [[r.VolumetricFog.GridPixelSize:8]]
[2020.05.11-10.40.20:381][  0]LogConfig: Setting CVar [[r.VolumetricFog.GridSizeZ:128]]
[2020.05.11-10.40.20:381][  0]LogConfig: Setting CVar [[r.VolumetricFog.HistoryMissSupersampleCount:4]]
[2020.05.11-10.40.20:382][  0]LogConfig: Setting CVar [[r.LightMaxDrawDistanceScale:1]]
[2020.05.11-10.40.20:382][  0]LogConfig: Setting CVar [[r.CapsuleShadows:1]]
[2020.05.11-10.40.20:382][  0]LogConfig: Applying CVar settings from Section [PostProcessQuality@3] File [G:/C++ Learning/BattleTank/BattleTank/BattleTank/Saved/Config/Windows/Scalability.ini]
[2020.05.11-10.40.20:382][  0]LogConfig: Setting CVar [[r.MotionBlurQuality:4]]
[2020.05.11-10.40.20:382][  0]LogConfig: Setting CVar [[r.AmbientOcclusionMipLevelFactor:0.4]]
[2020.05.11-10.40.20:382][  0]LogConfig: Setting CVar [[r.AmbientOcclusionMaxQuality:100]]
[2020.05.11-10.40.20:382][  0]LogConfig: Setting CVar [[r.AmbientOcclusionLevels:-1]]
[2020.05.11-10.40.20:382][  0]LogConfig: Setting CVar [[r.AmbientOcclusionRadiusScale:1.0]]
[2020.05.11-10.40.20:382][  0]LogConfig: Setting CVar [[r.DepthOfFieldQuality:2]]
[2020.05.11-10.40.20:382][  0]LogConfig: Setting CVar [[r.RenderTargetPoolMin:400]]
[2020.05.11-10.40.20:382][  0]LogConfig: Setting CVar [[r.LensFlareQuality:2]]
[2020.05.11-10.40.20:382][  0]LogConfig: Setting CVar [[r.SceneColorFringeQuality:1]]
[2020.05.11-10.40.20:382][  0]LogConfig: Setting CVar [[r.EyeAdaptationQuality:2]]
[2020.05.11-10.40.20:382][  0]LogConfig: Setting CVar [[r.BloomQuality:5]]
[2020.05.11-10.40.20:382][  0]LogConfig: Setting CVar [[r.FastBlurThreshold:100]]
[2020.05.11-10.40.20:382][  0]LogConfig: Setting CVar [[r.Upscale.Quality:3]]
[2020.05.11-10.40.20:382][  0]LogConfig: Setting CVar [[r.Tonemapper.GrainQuantization:1]]
[2020.05.11-10.40.20:382][  0]LogConfig: Setting CVar [[r.LightShaftQuality:1]]
[2020.05.11-10.40.20:382][  0]LogConfig: Setting CVar [[r.Filter.SizeScale:1]]
[2020.05.11-10.40.20:382][  0]LogConfig: Setting CVar [[r.Tonemapper.Quality:5]]
[2020.05.11-10.40.20:382][  0]LogConfig: Setting CVar [[r.DOF.Gather.AccumulatorQuality:1        ; higher gathering accumulator quality]]
[2020.05.11-10.40.20:382][  0]LogConfig: Setting CVar [[r.DOF.Gather.PostfilterMethod:1          ; Median3x3 postfilering method]]
[2020.05.11-10.40.20:382][  0]LogConfig: Setting CVar [[r.DOF.Gather.EnableBokehSettings:0       ; no bokeh simulation when gathering]]
[2020.05.11-10.40.20:382][  0]LogConfig: Setting CVar [[r.DOF.Gather.RingCount:4                 ; medium number of samples when gathering]]
[2020.05.11-10.40.20:382][  0]LogConfig: Setting CVar [[r.DOF.Scatter.ForegroundCompositing:1    ; additive foreground scattering]]
[2020.05.11-10.40.20:382][  0]LogConfig: Setting CVar [[r.DOF.Scatter.BackgroundCompositing:2    ; additive background scattering]]
[2020.05.11-10.40.20:382][  0]LogConfig: Setting CVar [[r.DOF.Scatter.EnableBokehSettings:1      ; bokeh simulation when scattering]]
[2020.05.11-10.40.20:382][  0]LogConfig: Setting CVar [[r.DOF.Scatter.MaxSpriteRatio:0.1         ; only a maximum of 10% of scattered bokeh]]
[2020.05.11-10.40.20:382][  0]LogConfig: Setting CVar [[r.DOF.Recombine.Quality:1                ; cheap slight out of focus]]
[2020.05.11-10.40.20:382][  0]LogConfig: Setting CVar [[r.DOF.Recombine.EnableBokehSettings:0    ; no bokeh simulation on slight out of focus]]
[2020.05.11-10.40.20:382][  0]LogConfig: Setting CVar [[r.DOF.TemporalAAQuality:1                ; more stable temporal accumulation]]
[2020.05.11-10.40.20:382][  0]LogConfig: Setting CVar [[r.DOF.Kernel.MaxForegroundRadius:0.025]]
[2020.05.11-10.40.20:382][  0]LogConfig: Setting CVar [[r.DOF.Kernel.MaxBackgroundRadius:0.025]]
[2020.05.11-10.40.20:382][  0]LogConfig: Applying CVar settings from Section [TextureQuality@3] File [G:/C++ Learning/BattleTank/BattleTank/BattleTank/Saved/Config/Windows/Scalability.ini]
[2020.05.11-10.40.20:382][  0]LogConfig: Setting CVar [[r.Streaming.MipBias:0]]
[2020.05.11-10.40.20:382][  0]LogConfig: Setting CVar [[r.Streaming.AmortizeCPUToGPUCopy:0]]
[2020.05.11-10.40.20:382][  0]LogConfig: Setting CVar [[r.Streaming.MaxNumTexturesToStreamPerFrame:0]]
[2020.05.11-10.40.20:382][  0]LogConfig: Setting CVar [[r.Streaming.Boost:1]]
[2020.05.11-10.40.20:382][  0]LogConfig: Setting CVar [[r.MaxAnisotropy:8]]
[2020.05.11-10.40.20:382][  0]LogConfig: Setting CVar [[r.Streaming.LimitPoolSizeToVRAM:0]]
[2020.05.11-10.40.20:382][  0]LogConfig: Setting CVar [[r.Streaming.PoolSize:1000]]
[2020.05.11-10.40.20:382][  0]LogConfig: Setting CVar [[r.Streaming.MaxEffectiveScreenSize:0]]
[2020.05.11-10.40.20:382][  0]LogConfig: Applying CVar settings from Section [EffectsQuality@3] File [G:/C++ Learning/BattleTank/BattleTank/BattleTank/Saved/Config/Windows/Scalability.ini]
[2020.05.11-10.40.20:382][  0]LogConfig: Setting CVar [[r.TranslucencyLightingVolumeDim:64]]
[2020.05.11-10.40.20:382][  0]LogConfig: Setting CVar [[r.RefractionQuality:2]]
[2020.05.11-10.40.20:382][  0]LogConfig: Setting CVar [[r.SSR.Quality:3]]
[2020.05.11-10.40.20:382][  0]LogConfig: Setting CVar [[r.SceneColorFormat:4]]
[2020.05.11-10.40.20:382][  0]LogConfig: Setting CVar [[r.DetailMode:2]]
[2020.05.11-10.40.20:382][  0]LogConfig: Setting CVar [[r.TranslucencyVolumeBlur:1]]
[2020.05.11-10.40.20:382][  0]LogConfig: Setting CVar [[r.MaterialQualityLevel:1 ; High quality]]
[2020.05.11-10.40.20:382][  0]LogConfig: Setting CVar [[r.SSS.Scale:1]]
[2020.05.11-10.40.20:382][  0]LogConfig: Setting CVar [[r.SSS.SampleSet:2]]
[2020.05.11-10.40.20:382][  0]LogConfig: Setting CVar [[r.SSS.Quality:1]]
[2020.05.11-10.40.20:382][  0]LogConfig: Setting CVar [[r.SSS.HalfRes:1]]
[2020.05.11-10.40.20:382][  0]LogConfig: Setting CVar [[r.EmitterSpawnRateScale:1.0]]
[2020.05.11-10.40.20:382][  0]LogConfig: Setting CVar [[r.ParticleLightQuality:2]]
[2020.05.11-10.40.20:382][  0]LogConfig: Applying CVar settings from Section [FoliageQuality@3] File [G:/C++ Learning/BattleTank/BattleTank/BattleTank/Saved/Config/Windows/Scalability.ini]
[2020.05.11-10.40.20:382][  0]LogConfig: Setting CVar [[foliage.DensityScale:1.0]]
[2020.05.11-10.40.20:382][  0]LogConfig: Setting CVar [[grass.DensityScale:1.0]]
[2020.05.11-10.40.20:382][  0]LogConfig: Applying CVar settings from Section [Startup] File [../../../Engine/Config/ConsoleVariables.ini]
[2020.05.11-10.40.20:383][  0]LogConfig: Setting CVar [[net.UseAdaptiveNetUpdateFrequency:0]]
[2020.05.11-10.40.20:383][  0]LogConfig: Setting CVar [[p.chaos.AllowCreatePhysxBodies:1]]
[2020.05.11-10.40.20:383][  0]LogConfig: Applying CVar settings from Section [ConsoleVariables] File [G:/C++ Learning/BattleTank/BattleTank/BattleTank/Saved/Config/Windows/Engine.ini]
[2020.05.11-10.40.20:383][  0]LogInit: Computer: ARRIGONI
[2020.05.11-10.40.20:383][  0]LogInit: User: lwarr
[2020.05.11-10.40.20:383][  0]LogInit: CPU Page size=4096, Cores=6
[2020.05.11-10.40.20:383][  0]LogInit: High frequency timer resolution =10.000000 MHz
[2020.05.11-10.40.20:383][  0]LogMemory: Memory total: Physical=24.0GB (24GB approx)
[2020.05.11-10.40.20:383][  0]LogMemory: Platform Memory Stats for Windows
[2020.05.11-10.40.20:383][  0]LogMemory: Process Physical Memory: 98.14 MB used, 98.14 MB peak
[2020.05.11-10.40.20:383][  0]LogMemory: Process Virtual Memory: 90.12 MB used, 90.12 MB peak
[2020.05.11-10.40.20:383][  0]LogMemory: Physical Memory: 10285.18 MB used,  14242.07 MB free, 24527.25 MB total
[2020.05.11-10.40.20:383][  0]LogMemory: Virtual Memory: 4661.06 MB used,  134213064.00 MB free, 134217728.00 MB total
[2020.05.11-10.40.20:409][  0]LogInit: Using OS detected language (en-GB).
[2020.05.11-10.40.20:409][  0]LogInit: Using OS detected locale (en-GB).
[2020.05.11-10.40.20:410][  0]LogTextLocalizationManager: No specific localization for 'en-GB' exists, so the 'en' localization will be used.
[2020.05.11-10.40.20:565][  0]LogInit: Setting process to per monitor DPI aware
[2020.05.11-10.40.20:590][  0]LogSlate: New Slate User Created.  User Index 0, Is Virtual User: 0
[2020.05.11-10.40.20:590][  0]LogSlate: Slate User Registered.  User Index 0, Is Virtual User: 0
[2020.05.11-10.40.20:745][  0]LogHMD: Failed to initialize OpenVR with code 110
[2020.05.11-10.40.20:745][  0]LogD3D11RHI: D3D11 adapters:
[2020.05.11-10.40.20:813][  0]LogD3D11RHI:    0. 'NVIDIA GeForce GTX 980 Ti' (Feature Level 11_0)
[2020.05.11-10.40.20:813][  0]LogD3D11RHI:       6097/0/12263 MB DedicatedVideo/DedicatedSystem/SharedSystem, Outputs:1, VendorId:0x10de
[2020.05.11-10.40.20:815][  0]LogD3D11RHI:    1. 'Microsoft Basic Render Driver' (Feature Level 11_0)
[2020.05.11-10.40.20:815][  0]LogD3D11RHI:       0/0/12263 MB DedicatedVideo/DedicatedSystem/SharedSystem, Outputs:0, VendorId:0x1414
[2020.05.11-10.40.20:815][  0]LogD3D11RHI: Chosen D3D11 Adapter: 0
[2020.05.11-10.40.20:826][  0]LogD3D11RHI: Creating new Direct3DDevice
[2020.05.11-10.40.20:826][  0]LogD3D11RHI:     GPU DeviceId: 0x17c8 (for the marketing name, search the web for "GPU Device Id")
[2020.05.11-10.40.20:826][  0]LogWindows: EnumDisplayDevices:
[2020.05.11-10.40.20:826][  0]LogWindows:    0. 'NVIDIA GeForce GTX 980 Ti' (P:1 D:1)
[2020.05.11-10.40.20:826][  0]LogWindows:    1. 'NVIDIA GeForce GTX 980 Ti' (P:0 D:0)
[2020.05.11-10.40.20:827][  0]LogWindows:    2. 'NVIDIA GeForce GTX 980 Ti' (P:0 D:0)
[2020.05.11-10.40.20:827][  0]LogWindows:    3. 'NVIDIA GeForce GTX 980 Ti' (P:0 D:0)
[2020.05.11-10.40.20:827][  0]LogWindows: DebugString: FoundDriverCount:4 
[2020.05.11-10.40.20:827][  0]LogD3D11RHI:     Adapter Name: NVIDIA GeForce GTX 980 Ti
[2020.05.11-10.40.20:827][  0]LogD3D11RHI:   Driver Version: 441.66 (internal:26.21.14.4166, unified:441.66)
[2020.05.11-10.40.20:827][  0]LogD3D11RHI:      Driver Date: 12-6-2019
[2020.05.11-10.40.20:827][  0]LogRHI: Texture pool is 4268 MB (70% of 6097 MB)
[2020.05.11-10.40.20:877][  0]LogD3D11RHI: Async texture creation enabled
[2020.05.11-10.40.20:886][  0]LogRendererCore: FGlobalReadBuffer::InitRHI
[2020.05.11-10.40.20:886][  0]LogRendererCore: FGlobalReadBuffer::InitRHI
[2020.05.11-10.40.20:886][  0]LogRendererCore: FGlobalReadBuffer::InitRHI
[2020.05.11-10.40.20:894][  0]LogD3D11RHI: GPU Timing Frequency: 1000.000000 (Debug: 2 1)
[2020.05.11-10.40.21:171][  0]LogTemp: Display: Module 'AllDesktopTargetPlatform' loaded TargetPlatform 'AllDesktop'
[2020.05.11-10.40.21:185][  0]LogTemp: Display: Module 'MacClientTargetPlatform' loaded TargetPlatform 'MacClient'
[2020.05.11-10.40.21:200][  0]LogTemp: Display: Module 'MacNoEditorTargetPlatform' loaded TargetPlatform 'MacNoEditor'
[2020.05.11-10.40.21:215][  0]LogTemp: Display: Module 'MacServerTargetPlatform' loaded TargetPlatform 'MacServer'
[2020.05.11-10.40.21:230][  0]LogTemp: Display: Module 'MacTargetPlatform' loaded TargetPlatform 'Mac'
[2020.05.11-10.40.21:245][  0]LogTemp: Display: Module 'WindowsClientTargetPlatform' loaded TargetPlatform 'WindowsClient'
[2020.05.11-10.40.21:259][  0]LogTemp: Display: Module 'WindowsNoEditorTargetPlatform' loaded TargetPlatform 'WindowsNoEditor'
[2020.05.11-10.40.21:273][  0]LogTemp: Display: Module 'WindowsServerTargetPlatform' loaded TargetPlatform 'WindowsServer'
[2020.05.11-10.40.21:279][  0]LogTemp: Display: Module 'WindowsTargetPlatform' loaded TargetPlatform 'Windows'
[2020.05.11-10.40.21:367][  0]LogTemp: Display: Module 'AndroidTargetPlatform' loaded TargetPlatform 'Android'
[2020.05.11-10.40.21:367][  0]LogTemp: Display: Module 'AndroidTargetPlatform' loaded TargetPlatform 'Android_ASTC'
[2020.05.11-10.40.21:367][  0]LogTemp: Display: Module 'AndroidTargetPlatform' loaded TargetPlatform 'Android_ATC'
[2020.05.11-10.40.21:367][  0]LogTemp: Display: Module 'AndroidTargetPlatform' loaded TargetPlatform 'Android_DXT'
[2020.05.11-10.40.21:367][  0]LogTemp: Display: Module 'AndroidTargetPlatform' loaded TargetPlatform 'Android_ETC1'
[2020.05.11-10.40.21:367][  0]LogTemp: Display: Module 'AndroidTargetPlatform' loaded TargetPlatform 'Android_ETC1a'
[2020.05.11-10.40.21:367][  0]LogTemp: Display: Module 'AndroidTargetPlatform' loaded TargetPlatform 'Android_ETC2'
[2020.05.11-10.40.21:367][  0]LogTemp: Display: Module 'AndroidTargetPlatform' loaded TargetPlatform 'Android_PVRTC'
[2020.05.11-10.40.21:367][  0]LogTemp: Display: Module 'AndroidTargetPlatform' loaded TargetPlatform 'AndroidClient'
[2020.05.11-10.40.21:367][  0]LogTemp: Display: Module 'AndroidTargetPlatform' loaded TargetPlatform 'Android_ASTCClient'
[2020.05.11-10.40.21:367][  0]LogTemp: Display: Module 'AndroidTargetPlatform' loaded TargetPlatform 'Android_ATCClient'
[2020.05.11-10.40.21:367][  0]LogTemp: Display: Module 'AndroidTargetPlatform' loaded TargetPlatform 'Android_DXTClient'
[2020.05.11-10.40.21:367][  0]LogTemp: Display: Module 'AndroidTargetPlatform' loaded TargetPlatform 'Android_ETC1Client'
[2020.05.11-10.40.21:367][  0]LogTemp: Display: Module 'AndroidTargetPlatform' loaded TargetPlatform 'Android_ETC1aClient'
[2020.05.11-10.40.21:367][  0]LogTemp: Display: Module 'AndroidTargetPlatform' loaded TargetPlatform 'Android_ETC2Client'
[2020.05.11-10.40.21:367][  0]LogTemp: Display: Module 'AndroidTargetPlatform' loaded TargetPlatform 'Android_PVRTCClient'
[2020.05.11-10.40.21:367][  0]LogTemp: Display: Module 'AndroidTargetPlatform' loaded TargetPlatform 'Android_Multi'
[2020.05.11-10.40.21:367][  0]LogTemp: Display: Module 'AndroidTargetPlatform' loaded TargetPlatform 'Android_MultiClient'
[2020.05.11-10.40.21:368][  0]LogTemp: Display: Module 'HTML5TargetPlatform' loaded TargetPlatform 'HTML5'
[2020.05.11-10.40.21:417][  0]LogTemp: Display: Module 'IOSTargetPlatform' loaded TargetPlatform 'IOSClient'
[2020.05.11-10.40.21:417][  0]LogTemp: Display: Module 'IOSTargetPlatform' loaded TargetPlatform 'IOS'
[2020.05.11-10.40.21:448][  0]LogTemp: Display: Module 'TVOSTargetPlatform' loaded TargetPlatform 'TVOSClient'
[2020.05.11-10.40.21:448][  0]LogTemp: Display: Module 'TVOSTargetPlatform' loaded TargetPlatform 'TVOS'
[2020.05.11-10.40.21:461][  0]LogTemp: Display: Module 'LinuxClientTargetPlatform' loaded TargetPlatform 'LinuxClient'
[2020.05.11-10.40.21:475][  0]LogTemp: Display: Module 'LinuxNoEditorTargetPlatform' loaded TargetPlatform 'LinuxNoEditor'
[2020.05.11-10.40.21:488][  0]LogTemp: Display: Module 'LinuxServerTargetPlatform' loaded TargetPlatform 'LinuxServer'
[2020.05.11-10.40.21:501][  0]LogTemp: Display: Module 'LinuxTargetPlatform' loaded TargetPlatform 'Linux'
[2020.05.11-10.40.21:550][  0]LogTemp: Display: Module 'LuminTargetPlatform' loaded TargetPlatform 'Lumin'
[2020.05.11-10.40.21:550][  0]LogTemp: Display: Module 'LuminTargetPlatform' loaded TargetPlatform 'LuminClient'
[2020.05.11-10.40.21:550][  0]LogTargetPlatformManager: Display: Building Assets For Windows
[2020.05.11-10.40.21:556][  0]LogAudioDebug: Display: Lib vorbis DLL was dynamically loaded.
[2020.05.11-10.40.21:589][  0]LogShaderCompilers: Guid format shader working directory is -2 characters bigger than the processId version (G:/C++ Learning/BattleTank/BattleTank/BattleTank/Intermediate/Shaders/WorkingDirectory/6716/).
[2020.05.11-10.40.21:589][  0]LogShaderCompilers: Cleaned the shader compiler working directory 'C:/Users/lwarr/AppData/Local/Temp/UnrealShaderWorkingDir/484FED904574B2DC234AA6928664B4B5/'.
[2020.05.11-10.40.21:591][  0]LogXGEController: Cannot use XGE Controller as Incredibuild is not installed on this machine.
[2020.05.11-10.40.21:591][  0]LogShaderCompilers: Cannot use XGE Shader Compiler as Incredibuild is not installed on this machine.
[2020.05.11-10.40.21:591][  0]LogShaderCompilers: Display: Using Local Shader Compiler.
[2020.05.11-10.40.22:130][  0]LogDerivedDataCache: Display: Max Cache Size: 512 MB
[2020.05.11-10.40.22:168][  0]LogDerivedDataCache: Loaded boot cache 0.04s 71MB C:/Users/lwarr/AppData/Local/UnrealEngine/4.22/DerivedDataCache/Boot.ddc.
[2020.05.11-10.40.22:169][  0]LogDerivedDataCache: Display: Loaded Boot cache: C:/Users/lwarr/AppData/Local/UnrealEngine/4.22/DerivedDataCache/Boot.ddc
[2020.05.11-10.40.22:169][  0]LogDerivedDataCache: FDerivedDataBackendGraph:  Pak pak cache file G:/C++ Learning/BattleTank/BattleTank/BattleTank/DerivedDataCache/DDC.ddp not found, will not use a pak cache.
[2020.05.11-10.40.22:169][  0]LogDerivedDataCache: Unable to find inner node Pak for hierarchical cache Hierarchy.
[2020.05.11-10.40.22:169][  0]LogDerivedDataCache: FDerivedDataBackendGraph:  CompressedPak pak cache file G:/C++ Learning/BattleTank/BattleTank/BattleTank/DerivedDataCache/Compressed.ddp not found, will not use a pak cache.
[2020.05.11-10.40.22:169][  0]LogDerivedDataCache: Unable to find inner node CompressedPak for hierarchical cache Hierarchy.
[2020.05.11-10.40.22:181][  0]LogDerivedDataCache: Display: Pak cache opened for reading ../../../Engine/DerivedDataCache/Compressed.ddp.
[2020.05.11-10.40.22:181][  0]LogDerivedDataCache: FDerivedDataBackendGraph:  EnterprisePak pak cache file ../../../Enterprise/DerivedDataCache/Compressed.ddp not found, will not use a pak cache.
[2020.05.11-10.40.22:181][  0]LogDerivedDataCache: Unable to find inner node EnterprisePak for hierarchical cache Hierarchy.
[2020.05.11-10.40.22:194][  0]LogDerivedDataCache: Using Local data cache path C:/Users/lwarr/AppData/Local/UnrealEngine/Common/DerivedDataCache: Writable
[2020.05.11-10.40.22:194][  0]LogDerivedDataCache: Shared data cache path not found in *engine.ini, will not use an Shared cache.
[2020.05.11-10.40.22:194][  0]LogDerivedDataCache: Unable to find inner node Shared for hierarchical cache Hierarchy.
[2020.05.11-10.40.22:217][  0]LogMaterial: Verifying Global Shaders for PCD3D_SM5
[2020.05.11-10.40.22:218][  0]LogSlate: Using FreeType 2.6.0
[2020.05.11-10.40.22:219][  0]LogSlate: SlateFontServices - WITH_FREETYPE: 1, WITH_HARFBUZZ: 1
[2020.05.11-10.40.22:297][  0]LogAssetRegistry: FAssetRegistry took 0.0341 seconds to start up
[2020.05.11-10.40.22:627][  0]LogInit: Selected Device Profile: [Windows]
[2020.05.11-10.40.22:749][  0]LogMeshReduction: Using QuadricMeshReduction for automatic static mesh reduction
[2020.05.11-10.40.22:749][  0]LogMeshReduction: Using SimplygonMeshReduction for automatic skeletal mesh reduction
[2020.05.11-10.40.22:749][  0]LogMeshReduction: Using ProxyLODMeshReduction for automatic mesh merging
[2020.05.11-10.40.22:749][  0]LogMeshReduction: No distributed automatic mesh merging module available
[2020.05.11-10.40.22:749][  0]LogMeshMerging: No distributed automatic mesh merging module available
[2020.05.11-10.40.22:759][  0]LogNetVersion: BattleTank 1.0.0, NetCL: 5660361, EngineNetVer: 10, GameNetVer: 0 (Checksum: 704854574)
[2020.05.11-10.40.23:119][  0]LogPackageLocalizationCache: Processed 10 localized package path(s) for 1 prioritized culture(s) in 0.031672 seconds
[2020.05.11-10.40.23:128][  0]LogUObjectArray: 42205 objects as part of root set at end of initial load.
[2020.05.11-10.40.23:128][  0]LogUObjectAllocator: 7325032 out of 0 bytes used by permanent object pool.
[2020.05.11-10.40.23:128][  0]LogUObjectArray: CloseDisregardForGC: 0/0 objects in disregard for GC pool
[2020.05.11-10.40.23:857][  0]LogTcpMessaging: Initializing TcpMessaging bridge
[2020.05.11-10.40.23:878][  0]LogUdpMessaging: Initializing bridge on interface 0.0.0.0:0 to multicast group 230.0.0.1:6666.
[2020.05.11-10.40.23:985][  0]SourceControl: Source control is disabled
[2020.05.11-10.40.23:985][  0]SourceControl: Source control is disabled
[2020.05.11-10.40.23:986][  0]SourceControl: Source control is disabled
[2020.05.11-10.40.23:987][  0]SourceControl: Source control is disabled
[2020.05.11-10.40.24:052][  0]LogAndroidPermission: UAndroidPermissionCallbackProxy::GetInstance
[2020.05.11-10.40.24:234][  0]LogOcInput: OculusInput pre-init called
[2020.05.11-10.40.24:836][  0]LogEngine: Initializing Engine...
[2020.05.11-10.40.24:837][  0]LogHMD: Failed to initialize OpenVR with code 110
[2020.05.11-10.40.24:838][  0]LogStats: UGameplayTagsManager::InitializeManager -  0.000 s
[2020.05.11-10.40.25:035][  0]LogInit: Initializing FReadOnlyCVARCache
[2020.05.11-10.40.25:046][  0]LogAIModule: Creating AISystem for world Untitled
[2020.05.11-10.40.25:109][  0]LogInit: XAudio2 using 'Speakers (2- USB Audio CODEC )' : 2 channels at 48 kHz using 16 bits per sample (channel mask 0x3)
[2020.05.11-10.40.25:128][  0]LogInit: FAudioDevice initialized.
[2020.05.11-10.40.25:129][  0]LogNetVersion: Set ProjectVersion to 1.0.0.0. Version Checksum will be recalculated on next use.
[2020.05.11-10.40.25:295][  0]LogDerivedDataCache: Saved boot cache 0.17s 71MB C:/Users/lwarr/AppData/Local/UnrealEngine/4.22/DerivedDataCache/Boot.ddc.
[2020.05.11-10.40.25:298][  0]LogInit: Texture streaming: Enabled
[2020.05.11-10.40.25:313][  0]LogEngineSessionManager: EngineSessionManager initialized
[2020.05.11-10.40.25:330][  0]LogInit: Transaction tracking system initialized
[2020.05.11-10.40.25:346][  0]BlueprintLog: New page: Editor Load
[2020.05.11-10.40.25:440][  0]LocalizationService: Localization service is disabled
[2020.05.11-10.40.25:841][  0]LogFileCache: Scanning file cache for directory 'G:/C++ Learning/BattleTank/BattleTank/BattleTank/Content/' took 0.01s
[2020.05.11-10.40.25:841][  0]LogCook: Display: Max memory allowance for cook 16384mb min free memory 0mb
[2020.05.11-10.40.25:841][  0]LogCook: Display: Mobile HDR setting 1
[2020.05.11-10.40.26:036][  0]SourceControl: Source control is disabled
[2020.05.11-10.40.26:036][  0]Cmd: MAP LOAD FILE="../../../Engine/Content/Maps/Templates/Template_Default.umap" TEMPLATE=1 SHOWPROGRESS=1 FEATURELEVEL=3
[2020.05.11-10.40.26:036][  0]LightingResults: New page: Lighting Build
[2020.05.11-10.40.26:038][  0]MapCheck: New page: Map Check
[2020.05.11-10.40.26:038][  0]LightingResults: New page: Lighting Build
[2020.05.11-10.40.26:072][  0]LogUObjectHash: Compacting FUObjectHashTables data took   2.23ms
[2020.05.11-10.40.26:164][  0]LogAIModule: Creating AISystem for world Untitled_1
[2020.05.11-10.40.26:168][  0]LogEditorServer: Finished looking for orphan Actors (0.000 secs)
[2020.05.11-10.40.26:201][  0]LogUObjectHash: Compacting FUObjectHashTables data took   1.99ms
[2020.05.11-10.40.26:201][  0]Cmd: MAP CHECKDEP NOCLEARLOG
[2020.05.11-10.40.26:201][  0]MapCheck: Map check complete: 0 Error(s), 0 Warning(s), took 0.105ms to complete.
[2020.05.11-10.40.26:201][  0]LogFileHelpers: Loading map 'Template_Default' took 0.165
[2020.05.11-10.40.26:748][  0]LogSlate: Updating window title bar state: overlay mode, drag disabled, window buttons hidden, title bar hidden
[2020.05.11-10.40.26:757][  0]LogSlate: Updating window title bar state: overlay mode, drag disabled, window buttons hidden, title bar hidden
[2020.05.11-10.40.26:765][  0]LogSlate: Updating window title bar state: overlay mode, drag disabled, window buttons hidden, title bar hidden
[2020.05.11-10.40.26:772][  0]LogSlate: Updating window title bar state: overlay mode, drag disabled, window buttons hidden, title bar hidden
[2020.05.11-10.40.26:811][  0]LogCollectionManager: Loaded 0 collections in 0.000774 seconds
[2020.05.11-10.40.26:908][  0]LogFileCache: Scanning file cache for directory 'G:/C++ Learning/BattleTank/BattleTank/BattleTank/Saved/Collections/' took 0.01s
[2020.05.11-10.40.26:908][  0]LogFileCache: Scanning file cache for directory 'G:/C++ Learning/BattleTank/BattleTank/BattleTank/Content/Developers/lwarr/Collections/' took 0.01s
[2020.05.11-10.40.26:908][  0]LogFileCache: Scanning file cache for directory 'G:/C++ Learning/BattleTank/BattleTank/BattleTank/Content/Collections/' took 0.01s
[2020.05.11-10.40.26:908][  0]LogCollectionManager: Rebuilt the GUID cache for 0 collections in 0.000000 seconds
[2020.05.11-10.40.26:922][  0]LogContentBrowser: Native class hierarchy populated in 0.0125 seconds. Added 2733 classes and 661 folders.
[2020.05.11-10.40.26:962][  0]LogContentBrowser: Native class hierarchy updated for 'WidgetCarousel' in 0.0004 seconds. Added 0 classes and 0 folders.
[2020.05.11-10.40.26:978][  0]LogPakFile: Registered encryption key '00000000000000000000000000000000': 0 pak files mounted, 0 remain pending
[2020.05.11-10.40.26:994][  0]LogPakFile: Registered encryption key '00000000000000000000000000000000': 0 pak files mounted, 0 remain pending
[2020.05.11-10.40.27:006][  0]LogPakFile: Registered encryption key '00000000000000000000000000000000': 0 pak files mounted, 0 remain pending
[2020.05.11-10.40.27:042][  0]LogPakFile: Registered encryption key '00000000000000000000000000000000': 0 pak files mounted, 0 remain pending
[2020.05.11-10.40.27:045][  0]LogPakFile: Registered encryption key '00000000000000000000000000000000': 0 pak files mounted, 0 remain pending
[2020.05.11-10.40.27:046][  0]LogPakFile: Registered encryption key '00000000000000000000000000000000': 0 pak files mounted, 0 remain pending
[2020.05.11-10.40.27:062][  0]LogPakFile: Registered encryption key '00000000000000000000000000000000': 0 pak files mounted, 0 remain pending
[2020.05.11-10.40.27:071][  0]LogPakFile: Registered encryption key '00000000000000000000000000000000': 0 pak files mounted, 0 remain pending
[2020.05.11-10.40.27:088][  0]LogPakFile: Registered encryption key '00000000000000000000000000000000': 0 pak files mounted, 0 remain pending
[2020.05.11-10.40.27:096][  0]LogPakFile: Registered encryption key '00000000000000000000000000000000': 0 pak files mounted, 0 remain pending
[2020.05.11-10.40.27:099][  0]LogPakFile: Registered encryption key '00000000000000000000000000000000': 0 pak files mounted, 0 remain pending
[2020.05.11-10.40.27:101][  0]LogPakFile: Registered encryption key '00000000000000000000000000000000': 0 pak files mounted, 0 remain pending
[2020.05.11-10.40.27:103][  0]LogPakFile: Registered encryption key '00000000000000000000000000000000': 0 pak files mounted, 0 remain pending
[2020.05.11-10.40.27:107][  0]LogPakFile: Registered encryption key '00000000000000000000000000000000': 0 pak files mounted, 0 remain pending
[2020.05.11-10.40.27:123][  0]LogPakFile: Registered encryption key '00000000000000000000000000000000': 0 pak files mounted, 0 remain pending
[2020.05.11-10.40.27:125][  0]LogPakFile: Registered encryption key '00000000000000000000000000000000': 0 pak files mounted, 0 remain pending
[2020.05.11-10.40.27:128][  0]LogPakFile: Registered encryption key '00000000000000000000000000000000': 0 pak files mounted, 0 remain pending
[2020.05.11-10.40.27:131][  0]LogPakFile: Registered encryption key '00000000000000000000000000000000': 0 pak files mounted, 0 remain pending
[2020.05.11-10.40.27:133][  0]LogPakFile: Registered encryption key '00000000000000000000000000000000': 0 pak files mounted, 0 remain pending
[2020.05.11-10.40.27:135][  0]LogPakFile: Registered encryption key '00000000000000000000000000000000': 0 pak files mounted, 0 remain pending
[2020.05.11-10.40.27:137][  0]LogPakFile: Registered encryption key '00000000000000000000000000000000': 0 pak files mounted, 0 remain pending
[2020.05.11-10.40.27:139][  0]LogPakFile: Registered encryption key '00000000000000000000000000000000': 0 pak files mounted, 0 remain pending
[2020.05.11-10.40.27:141][  0]LogPakFile: Registered encryption key '00000000000000000000000000000000': 0 pak files mounted, 0 remain pending
[2020.05.11-10.40.27:144][  0]LogPakFile: Registered encryption key '00000000000000000000000000000000': 0 pak files mounted, 0 remain pending
[2020.05.11-10.40.27:146][  0]LogPakFile: Registered encryption key '00000000000000000000000000000000': 0 pak files mounted, 0 remain pending
[2020.05.11-10.40.27:148][  0]LogPakFile: Registered encryption key '00000000000000000000000000000000': 0 pak files mounted, 0 remain pending
[2020.05.11-10.40.27:745][  0]LogContentBrowser: Native class hierarchy updated for 'AddContentDialog' in 0.0003 seconds. Added 0 classes and 0 folders.
[2020.05.11-10.40.27:826][  0]LogContentBrowser: Native class hierarchy updated for 'SceneOutliner' in 0.0004 seconds. Added 1 classes and 2 folders.
[2020.05.11-10.40.29:812][  0]LogSlate: Only BGRA pngs, bmps or icos are supported in by External Image Picker
[2020.05.11-10.40.29:845][  0]LogSlate: Took 0.000159 seconds to synchronously load lazily loaded font '../../../Engine/Content/Slate/Fonts/Roboto-Regular.ttf' (155K)
[2020.05.11-10.40.29:861][  0]LogSlate: Took 0.000127 seconds to synchronously load lazily loaded font '../../../Engine/Content/Slate/Fonts/Roboto-Bold.ttf' (160K)
[2020.05.11-10.40.29:874][  0]LogSlate: Took 0.010084 seconds to synchronously load lazily loaded font '../../../Engine/Content/Editor/Slate/Fonts/FontAwesome.ttf' (139K)
[2020.05.11-10.40.29:963][  0]LogRenderer: Reallocating scene render targets to support 1672x688 Format 10 NumSamples 1 (Frame:1).
[2020.05.11-10.40.30:149][  0]LogContentBrowser: Native class hierarchy updated for 'HierarchicalLODOutliner' in 0.0004 seconds. Added 0 classes and 0 folders.
[2020.05.11-10.40.30:149][  0]LogLoad: (Engine Initialization) Total time: 11.29 seconds
[2020.05.11-10.40.30:149][  0]LogLoad: (Engine Initialization) Total Blueprint compile time: 0.00 seconds
[2020.05.11-10.40.30:201][  0]LogAssetRegistry: Asset discovery search completed in 7.9257 seconds
[2020.05.11-10.40.30:203][  0]LogCollectionManager: Rebuilt the object cache for 0 collections in 0.000000 seconds (found 0 objects)
[2020.05.11-10.40.30:203][  0]LogCollectionManager: Fixed up redirectors for 0 collections in 0.000077 seconds (updated 0 objects)
[2020.05.11-10.40.30:203][  0]LogContentStreaming: Texture pool size now 1000 MB
[2020.05.11-10.41.18:870][409]LogSlate: FSceneViewport::OnFocusLost() reason 2
[2020.05.11-10.41.22:099][794]LogSlate: FSceneViewport::OnFocusLost() reason 2
[2020.05.11-10.41.32:214][794]LogSlate: Window 'Save Level As' being destroyed
[2020.05.11-10.41.32:220][794]LogSlate: FSceneViewport::OnFocusLost() reason 3
[2020.05.11-10.41.32:234][794]LogSlate: Took 0.000117 seconds to synchronously load lazily loaded font '../../../Engine/Content/Slate/Fonts/Roboto-Light.ttf' (167K)
[2020.05.11-10.41.32:295][794]LogUObjectHash: Compacting FUObjectHashTables data took   2.02ms
[2020.05.11-10.41.32:296][794]Cmd: OBJ SAVEPACKAGE PACKAGE="/Game/Levels/BattleGround" FILE="G:/C++ Learning/BattleTank/BattleTank/BattleTank/Content/Levels/BattleGround.umap" SILENT=true AUTOSAVING=false KEEPDIRTY=false
[2020.05.11-10.41.32:332][794]LogUObjectHash: Compacting FUObjectHashTables data took   1.11ms
[2020.05.11-10.41.32:508][794]LogSavePackage: Moving 'G:/C++ Learning/BattleTank/BattleTank/BattleTank/Saved/BattleGround749AB3FB46B077D997842C8E412AD890.tmp' to 'G:/C++ Learning/BattleTank/BattleTank/BattleTank/Content/Levels/BattleGround.umap'
[2020.05.11-10.41.32:532][794]Cmd: OBJ SAVEPACKAGE PACKAGE="/Game/Levels/BattleGround_BuiltData" FILE="G:/C++ Learning/BattleTank/BattleTank/BattleTank/Content/Levels/BattleGround_BuiltData.uasset" SILENT=true
[2020.05.11-10.41.32:541][794]LogSavePackage: Moving 'G:/C++ Learning/BattleTank/BattleTank/BattleTank/Saved/BattleGround_BuiltData9055D464466E4112E9739BBFC2D41AC0.tmp' to 'G:/C++ Learning/BattleTank/BattleTank/BattleTank/Content/Levels/BattleGround_BuiltData.uasset'
[2020.05.11-10.41.32:548][794]LogFileHelpers: Saving map 'BattleGround' took 0.316
[2020.05.11-10.41.32:548][794]Cmd: MAP LOAD FILE="G:/C++ Learning/BattleTank/BattleTank/BattleTank/Content/Levels/BattleGround.umap" TEMPLATE=0 SHOWPROGRESS=1 FEATURELEVEL=3
[2020.05.11-10.41.32:553][794]LogSlate: FSceneViewport::OnFocusLost() reason 2
[2020.05.11-10.41.32:559][794]LightingResults: New page: Lighting Build
[2020.05.11-10.41.32:559][794]LoadErrors: New page: Loading map: BattleGround.umap
[2020.05.11-10.41.32:560][794]MapCheck: New page: Map Check
[2020.05.11-10.41.32:561][794]LightingResults: New page: Lighting Build
[2020.05.11-10.41.32:593][794]LogUObjectHash: Compacting FUObjectHashTables data took   1.66ms
[2020.05.11-10.41.32:606][794]LogAIModule: Creating AISystem for world BattleGround
[2020.05.11-10.41.32:677][794]LogEditorServer: Finished looking for orphan Actors (0.000 secs)
[2020.05.11-10.41.32:709][794]LogUObjectHash: Compacting FUObjectHashTables data took   1.54ms
[2020.05.11-10.41.32:718][794]Cmd: MAP CHECKDEP NOCLEARLOG
[2020.05.11-10.41.32:719][794]MapCheck: Map check complete: 0 Error(s), 0 Warning(s), took 0.066ms to complete.
[2020.05.11-10.41.32:719][794]LogFileHelpers: Loading map 'BattleGround' took 0.171
[2020.05.11-10.41.32:738][794]LogSlate: Took 0.000145 seconds to synchronously load lazily loaded font '../../../Engine/Content/Slate/Fonts/Roboto-Light.ttf' (167K)
[2020.05.11-10.41.33:842][922]LogSlate: FSceneViewport::OnFocusLost() reason 0
[2020.05.11-10.42.58:141][ 66]LogTexture: Display: Building textures: Texture2D_2 (G8, 128X128)
[2020.05.11-10.43.03:892][731]LogEditorViewport: Clicking on Actor (LMB): StaticMeshActor (Floor)
[2020.05.11-10.43.06:815][ 59]Cmd: DELETE
[2020.05.11-10.43.06:815][ 59]Cmd: ACTOR DELETE
[2020.05.11-10.43.06:861][ 59]LogEditorActor: Deleted Actor: StaticMeshActor
[2020.05.11-10.43.06:897][ 59]LogUObjectHash: Compacting FUObjectHashTables data took   1.18ms
[2020.05.11-10.43.06:898][ 59]LogEditorActor: Deleted 1 Actors (0.052 secs)
[2020.05.11-10.43.12:054][675]LogSlate: FSceneViewport::OnFocusLost() reason 0
[2020.05.11-10.43.28:453][539]LogTexture: Display: Building textures: Texture2D_0 (BGRA8, 512X512)
[2020.05.11-10.43.28:453][539]LogTexture: Display: Building textures: Texture2D_1 (BGRA8, 512X512)
[2020.05.11-10.43.28:453][539]LogTexture: Display: Building textures: Texture2D_2 (BGRA8, 512X512)
[2020.05.11-10.43.28:453][539]LogTexture: Display: Building textures: Texture2D_3 (BGRA8, 512X512)
[2020.05.11-10.43.28:453][539]LogTexture: Display: Building textures: Texture2D_4 (BGRA8, 512X512)
[2020.05.11-10.43.28:453][539]LogTexture: Display: Building textures: Texture2D_5 (BGRA8, 512X512)
[2020.05.11-10.43.28:453][539]LogTexture: Display: Building textures: Texture2D_6 (BGRA8, 512X512)
[2020.05.11-10.43.28:453][539]LogTexture: Display: Building textures: Texture2D_8 (BGRA8, 512X512)
[2020.05.11-10.43.28:453][539]LogTexture: Display: Building textures: Texture2D_9 (BGRA8, 512X512)
[2020.05.11-10.43.28:453][539]LogTexture: Display: Building textures: Texture2D_7 (BGRA8, 512X512)
[2020.05.11-10.43.28:453][539]LogTexture: Display: Building textures: Texture2D_10 (BGRA8, 512X512)
[2020.05.11-10.43.28:458][539]LogTexture: Display: Building textures: Texture2D_11 (BGRA8, 512X512)
[2020.05.11-10.43.28:472][539]LogTexture: Display: Building textures: Texture2D_13 (BGRA8, 512X512)
[2020.05.11-10.43.28:472][539]LogTexture: Display: Building textures: Texture2D_12 (BGRA8, 512X512)
[2020.05.11-10.43.28:472][539]LogTexture: Display: Building textures: Texture2D_15 (BGRA8, 512X512)
[2020.05.11-10.43.28:472][539]LogTexture: Display: Building textures: Texture2D_14 (BGRA8, 512X512)
[2020.05.11-10.43.28:522][539]LogMaterial: Display: Missing cached shader map for material WorldGridMaterial, compiling. Is special engine material.
[2020.05.11-10.43.33:145][539]LogShaderCompilers: Display: Shaders left to compile 110
[2020.05.11-10.43.33:145][539]LogShaderCompilers: Display: Shaders left to compile 100
[2020.05.11-10.43.33:145][539]LogShaderCompilers: Display: Shaders left to compile 90
[2020.05.11-10.43.33:145][539]LogShaderCompilers: Display: Shaders left to compile 80
[2020.05.11-10.43.33:145][539]LogShaderCompilers: Display: Shaders left to compile 70
[2020.05.11-10.43.33:145][539]LogShaderCompilers: Display: Shaders left to compile 60
[2020.05.11-10.43.33:145][539]LogShaderCompilers: Display: Shaders left to compile 50
[2020.05.11-10.43.33:145][539]LogShaderCompilers: Display: Shaders left to compile 40
[2020.05.11-10.43.33:145][539]LogShaderCompilers: Display: Shaders left to compile 30
[2020.05.11-10.43.33:145][539]LogShaderCompilers: Display: Shaders left to compile 20
[2020.05.11-10.43.33:145][539]LogShaderCompilers: Display: Shaders left to compile 10
[2020.05.11-10.43.50:173][419]LogSlate: FSceneViewport::OnFocusLost() reason 0
[2020.05.11-10.43.50:273][431]LogTemp: Repeating last play command: Selected Viewport
[2020.05.11-10.43.50:277][431]LogBlueprintUserMessages: Early PlayInEditor Detection: Level '/Game/Levels/BattleGround.BattleGround:PersistentLevel' has LevelScriptBlueprint '/Game/Levels/BattleGround.BattleGround:PersistentLevel.BattleGround' with GeneratedClass '/Game/Levels/BattleGround.BattleGround_C' with ClassGeneratedBy '/Game/Levels/BattleGround.BattleGround:PersistentLevel.BattleGround'
[2020.05.11-10.43.50:291][431]LogPlayLevel: PlayLevel: No blueprints needed recompiling
[2020.05.11-10.43.50:300][431]PIE: New page: PIE session: BattleGround (11 May 2020 12:43:50)
[2020.05.11-10.43.50:333][431]LogPlayLevel: Creating play world package: /Game/Levels/UEDPIE_0_BattleGround
[2020.05.11-10.43.50:522][431]LogPlayLevel: PIE: StaticDuplicateObject took: (0.188690s)
[2020.05.11-10.43.50:524][431]LogAIModule: Creating AISystem for world BattleGround
[2020.05.11-10.43.50:524][431]LogPlayLevel: PIE: World Init took: (0.001951s)
[2020.05.11-10.43.50:524][431]LogPlayLevel: PIE: Created PIE world by copying editor world from /Game/Levels/BattleGround.BattleGround to /Game/Levels/UEDPIE_0_BattleGround.BattleGround (0.191046s)
[2020.05.11-10.43.50:557][431]LogUObjectHash: Compacting FUObjectHashTables data took   1.27ms
[2020.05.11-10.43.50:656][431]LogInit: XAudio2 using 'Speakers (2- USB Audio CODEC )' : 2 channels at 48 kHz using 16 bits per sample (channel mask 0x3)
[2020.05.11-10.43.50:670][431]LogInit: FAudioDevice initialized.
[2020.05.11-10.43.50:707][431]LogLoad: Game class is 'GameModeBase'
[2020.05.11-10.43.50:738][431]LogWorld: Bringing World /Game/Levels/UEDPIE_0_BattleGround.BattleGround up for play (max tick rate 0) at 2020.05.11-11.43.50
[2020.05.11-10.43.50:738][431]LogWorld: Bringing up level for play took: 0.023743
[2020.05.11-10.43.50:826][431]LogContentBrowser: Native class hierarchy updated for 'MovieSceneCapture' in 0.0004 seconds. Added 20 classes and 0 folders.
[2020.05.11-10.43.50:837][431]PIE: Play in editor start time for /Game/Levels/UEDPIE_0_BattleGround 0.743
[2020.05.11-10.43.50:837][431]LogBlueprintUserMessages: Late PlayInEditor Detection: Level '/Game/Levels/BattleGround.BattleGround:PersistentLevel' has LevelScriptBlueprint '/Game/Levels/BattleGround.BattleGround:PersistentLevel.BattleGround' with GeneratedClass '/Game/Levels/BattleGround.BattleGround_C' with ClassGeneratedBy '/Game/Levels/BattleGround.BattleGround:PersistentLevel.BattleGround'
[2020.05.11-10.44.09:308][621]LogBlueprintUserMessages: Early EndPlayMap Detection: Level '/Game/Levels/BattleGround.BattleGround:PersistentLevel' has LevelScriptBlueprint '/Game/Levels/BattleGround.BattleGround:PersistentLevel.BattleGround' with GeneratedClass '/Game/Levels/BattleGround.BattleGround_C' with ClassGeneratedBy '/Game/Levels/BattleGround.BattleGround:PersistentLevel.BattleGround'
[2020.05.11-10.44.09:308][621]LogSlate: Updating window title bar state: overlay mode, drag disabled, window buttons hidden, title bar hidden
[2020.05.11-10.44.09:342][621]LogPlayLevel: Display: Shutting down PIE online subsystems
[2020.05.11-10.44.09:343][621]LogBlueprintUserMessages: Late EndPlayMap Detection: Level '/Game/Levels/BattleGround.BattleGround:PersistentLevel' has LevelScriptBlueprint '/Game/Levels/BattleGround.BattleGround:PersistentLevel.BattleGround' with GeneratedClass '/Game/Levels/BattleGround.BattleGround_C' with ClassGeneratedBy '/Game/Levels/BattleGround.BattleGround:PersistentLevel.BattleGround'
[2020.05.11-10.44.09:387][621]LogSlate: Updating window title bar state: overlay mode, drag disabled, window buttons hidden, title bar hidden
[2020.05.11-10.44.09:394][621]LogUObjectHash: Compacting FUObjectHashTables data took   1.70ms
[2020.05.11-10.44.09:414][622]LogPlayLevel: Display: Destroying online subsystem :Context_3
[2020.05.11-10.44.11:331][849]LogSlate: FSceneViewport::OnFocusLost() reason 0
[2020.05.11-10.44.23:269][267]LogSlate: FSceneViewport::OnFocusLost() reason 0
[2020.05.11-10.44.24:872][451]Cmd: DELETE
[2020.05.11-10.44.24:872][451]Cmd: ACTOR DELETE
[2020.05.11-10.44.24:893][451]LogEditorActor: Deleted Actor: Landscape
[2020.05.11-10.44.25:218][451]LogUObjectHash: Compacting FUObjectHashTables data took   1.18ms
[2020.05.11-10.44.25:218][451]LogEditorActor: Deleted 1 Actors (0.346 secs)
[2020.05.11-10.44.28:254][783]LogSlate: FSceneViewport::OnFocusLost() reason 0
[2020.05.11-10.44.28:367][796]LogTexture: Display: Building textures: Texture2D_3 (G8, 128X128)
[2020.05.11-10.45.01:465][743]LogSlate: FSceneViewport::OnFocusLost() reason 0
[2020.05.11-10.45.38:186][691]Cmd: OBJ SAVEPACKAGE PACKAGE="/Game/Levels/BattleGround" FILE="G:/C++ Learning/BattleTank/BattleTank/BattleTank/Content/Levels/BattleGround.umap" SILENT=true AUTOSAVING=false KEEPDIRTY=false
[2020.05.11-10.45.38:224][691]LogUObjectHash: Compacting FUObjectHashTables data took   0.85ms
[2020.05.11-10.45.38:594][691]LogSavePackage: Moving 'G:/C++ Learning/BattleTank/BattleTank/BattleTank/Saved/BattleGroundEDC7CA094DD41E5C1CCAA18EF2CA024F.tmp' to 'G:/C++ Learning/BattleTank/BattleTank/BattleTank/Content/Levels/BattleGround.umap'
[2020.05.11-10.45.38:628][691]Cmd: OBJ SAVEPACKAGE PACKAGE="/Game/Levels/BattleGround_BuiltData" FILE="G:/C++ Learning/BattleTank/BattleTank/BattleTank/Content/Levels/BattleGround_BuiltData.uasset" SILENT=true
[2020.05.11-10.45.38:643][691]LogSavePackage: Moving 'G:/C++ Learning/BattleTank/BattleTank/BattleTank/Saved/BattleGround_BuiltDataD20A094847B57252F914C484BE3C917B.tmp' to 'G:/C++ Learning/BattleTank/BattleTank/BattleTank/Content/Levels/BattleGround_BuiltData.uasset'
[2020.05.11-10.46.26:352][174]Running D:/Programs/Programs/Epic Games/UE_4.22/Engine/Binaries/DotNET/UnrealBuildTool.exe  -projectfiles -project="G:/C++ Learning/BattleTank/BattleTank/BattleTank/BattleTank.uproject" -game -rocket -progress
[2020.05.11-10.46.26:656][174]Discovering modules, targets and source code for project...
[2020.05.11-10.46.27:968][174]Binding IntelliSense data...
[2020.05.11-10.46.29:383][174]Binding IntelliSense data... 100%
[2020.05.11-10.46.29:484][174]Writing project files...
[2020.05.11-10.46.30:900][174]Writing project files... 100%
[2020.05.11-10.47.25:868][528]LogSlate: FSceneViewport::OnFocusLost() reason 2
